c:\users\quan\desktop\mock c++\game caro_c++\gamecaro\gamecaro\x64\debug\vc142.pdb
c:\users\quan\desktop\mock c++\game caro_c++\gamecaro\gamecaro\x64\debug\vc142.idb
c:\users\msii\desktop\mock\assignment\c++\mock_ quannb1\client\gamecaro\x64\debug\vc142.pdb
c:\users\msii\desktop\mock\assignment\c++\mock_ quannb1\client\gamecaro\x64\debug\vc142.idb
c:\users\msii\desktop\mock\assignment\c++\mock_ quannb1\client\gamecaro\x64\debug\play.obj
c:\users\msii\desktop\mock\assignment\c++\mock_ quannb1\client\gamecaro\x64\debug\player.obj
c:\users\msii\desktop\mock\assignment\c++\mock_ quannb1\client\gamecaro\x64\debug\menuview.obj
c:\users\msii\desktop\mock\assignment\c++\mock_ quannb1\client\gamecaro\x64\debug\menucontrol.obj
c:\users\msii\desktop\mock\assignment\c++\mock_ quannb1\client\gamecaro\x64\debug\fileconfig.obj
c:\users\msii\desktop\mock\assignment\c++\mock_ quannb1\client\gamecaro\x64\debug\connectserver.obj
c:\users\msii\desktop\mock\assignment\c++\mock_ quannb1\client\gamecaro\x64\debug\chesstable.obj
c:\users\msii\desktop\mock\assignment\c++\mock_ quannb1\client\gamecaro\x64\debug\checkwin.obj
c:\users\msii\desktop\mock\assignment\c++\mock_ quannb1\client\gamecaro\x64\debug\_common.obj
c:\users\msii\desktop\mock\assignment\c++\mock_ quannb1\client\gamecaro\x64\debug\main.obj
c:\users\msii\desktop\mock\assignment\c++\mock_ quannb1\client\gamecaro\x64\debug\replay.obj
c:\users\msii\desktop\mock\assignment\c++\mock_ quannb1\client\gamecaro\x64\debug\check.obj
c:\users\msii\desktop\mock\assignment\c++\mock_ quannb1\client\gamecaro\x64\debug\database.obj
c:\users\msii\desktop\mock\assignment\c++\mock_ quannb1\client\gamecaro\x64\debug\frame.obj
c:\users\msii\desktop\mock\assignment\c++\mock_ quannb1\client\gamecaro\x64\debug\gamecaro.obj
c:\users\msii\desktop\mock\assignment\c++\mock_ quannb1\client\gamecaro\x64\debug\play2.obj
c:\users\msii\desktop\mock\assignment\c++\mock_ quannb1\client\gamecaro\x64\debug\playoffline.obj
c:\users\msii\desktop\mock\assignment\c++\mock_ quannb1\client\gamecaro\x64\debug\playonline.obj
c:\users\msii\desktop\mock\assignment\c++\mock_ quannb1\client\gamecaro\x64\debug\saveplayer.obj
c:\users\msii\desktop\mock\assignment\c++\mock_ quannb1\client\gamecaro\x64\debug\fileconfig.obj.enc
c:\users\msii\desktop\mock\assignment\c++\mock_ quannb1\client\x64\debug\gamecaro.pdb
c:\users\msii\desktop\mock\assignment\c++\mock_ quannb1\client\gamecaro\x64\debug\gamecaro.tlog\cl.command.1.tlog
c:\users\msii\desktop\mock\assignment\c++\mock_ quannb1\client\gamecaro\x64\debug\gamecaro.tlog\cl.read.1.tlog
c:\users\msii\desktop\mock\assignment\c++\mock_ quannb1\client\gamecaro\x64\debug\gamecaro.tlog\cl.write.1.tlog
c:\users\msii\desktop\mock\assignment\c++\mock_ quannb1\client\gamecaro\x64\debug\gamecaro.tlog\link-cvtres.read.1.tlog
c:\users\msii\desktop\mock\assignment\c++\mock_ quannb1\client\gamecaro\x64\debug\gamecaro.tlog\link-cvtres.write.1.tlog
c:\users\msii\desktop\mock\assignment\c++\mock_ quannb1\client\gamecaro\x64\debug\gamecaro.tlog\link-rc.read.1.tlog
c:\users\msii\desktop\mock\assignment\c++\mock_ quannb1\client\gamecaro\x64\debug\gamecaro.tlog\link-rc.write.1.tlog
c:\users\msii\desktop\mock\assignment\c++\mock_ quannb1\client\gamecaro\x64\debug\gamecaro.tlog\link.5128-cvtres.read.1.tlog
c:\users\msii\desktop\mock\assignment\c++\mock_ quannb1\client\gamecaro\x64\debug\gamecaro.tlog\link.5128-cvtres.write.1.tlog
c:\users\msii\desktop\mock\assignment\c++\mock_ quannb1\client\gamecaro\x64\debug\gamecaro.tlog\link.5128-rc.read.1.tlog
c:\users\msii\desktop\mock\assignment\c++\mock_ quannb1\client\gamecaro\x64\debug\gamecaro.tlog\link.5128-rc.write.1.tlog
c:\users\msii\desktop\mock\assignment\c++\mock_ quannb1\client\gamecaro\x64\debug\gamecaro.tlog\link.5128.read.1.tlog
c:\users\msii\desktop\mock\assignment\c++\mock_ quannb1\client\gamecaro\x64\debug\gamecaro.tlog\link.5128.write.1.tlog
c:\users\msii\desktop\mock\assignment\c++\mock_ quannb1\client\gamecaro\x64\debug\gamecaro.tlog\link.command.1.tlog
c:\users\msii\desktop\mock\assignment\c++\mock_ quannb1\client\gamecaro\x64\debug\gamecaro.tlog\link.read.1.tlog
c:\users\msii\desktop\mock\assignment\c++\mock_ quannb1\client\gamecaro\x64\debug\gamecaro.tlog\link.write.1.tlog
c:\users\msii\desktop\mock\assignment\c++\mock_ quannb1\client\gamecaro\x64\debug\gamecaro.tlog\rc.command.1.tlog
c:\users\msii\desktop\mock\assignment\c++\mock_ quannb1\client\gamecaro\x64\debug\gamecaro.tlog\rc.read.1.tlog
c:\users\msii\desktop\mock\assignment\c++\mock_ quannb1\client\gamecaro\x64\debug\gamecaro.tlog\rc.write.1.tlog
